Hmm ... looks like a package
Converting parsed Rd's to LaTeX ...
Creating pdf output from LaTeX ...
This is pdfTeX, Version 3.141592653-2.6-1.40.27 (TeX Live 2025) (preloaded format=pdflatex)
 restricted \write18 enabled.
entering extended mode
(./Rd2.tex
LaTeX2e <2024-11-01> patch level 2
L3 programming layer <2025-01-18>

(/usr/local/texlive/2025/texmf-dist/tex/latex/base/book.cls
Document Class: book 2024/06/29 v1.4n Standard LaTeX document class
(/usr/local/texlive/2025/texmf-dist/tex/latex/base/bk10.clo))
(/Library/Frameworks/R.framework/Resources/share/texmf/tex/latex/Rd.sty
(/usr/local/texlive/2025/texmf-dist/tex/latex/base/ifthen.sty)
(/usr/local/texlive/2025/texmf-dist/tex/generic/iftex/iftex.sty)
(/usr/local/texlive/2025/texmf-dist/tex/latex/tools/longtable.sty)
(/usr/local/texlive/2025/texmf-dist/tex/latex/tools/bm.sty)
(/usr/local/texlive/2025/texmf-dist/tex/latex/base/alltt.sty)
(/usr/local/texlive/2025/texmf-dist/tex/latex/tools/verbatim.sty)
(/usr/local/texlive/2025/texmf-dist/tex/latex/url/url.sty)
(/usr/local/texlive/2025/texmf-dist/tex/latex/base/textcomp.sty)
(/usr/local/texlive/2025/texmf-dist/tex/latex/amsmath/amsmath.sty
For additional information on amsmath, use the `?' option.
(/usr/local/texlive/2025/texmf-dist/tex/latex/amsmath/amstext.sty
(/usr/local/texlive/2025/texmf-dist/tex/latex/amsmath/amsgen.sty))
(/usr/local/texlive/2025/texmf-dist/tex/latex/amsmath/amsbsy.sty)
(/usr/local/texlive/2025/texmf-dist/tex/latex/amsmath/amsopn.sty))
(/usr/local/texlive/2025/texmf-dist/tex/latex/amsfonts/amsfonts.sty)
(/usr/local/texlive/2025/texmf-dist/tex/latex/amsfonts/amssymb.sty)
(/usr/local/texlive/2025/texmf-dist/tex/latex/jknapltx/mathrsfs.sty)
(/usr/local/texlive/2025/texmf-dist/tex/latex/base/fontenc.sty)
(/usr/local/texlive/2025/texmf-dist/tex/latex/psnfss/times.sty)
(/usr/local/texlive/2025/texmf-dist/tex/latex/graphics/color.sty
(/usr/local/texlive/2025/texmf-dist/tex/latex/graphics-cfg/color.cfg)
(/usr/local/texlive/2025/texmf-dist/tex/latex/graphics-def/pdftex.def)
(/usr/local/texlive/2025/texmf-dist/tex/latex/graphics/mathcolor.ltx))
(/usr/local/texlive/2025/texmf-dist/tex/latex/hyperref/hyperref.sty
(/usr/local/texlive/2025/texmf-dist/tex/latex/graphics/keyval.sty)
(/usr/local/texlive/2025/texmf-dist/tex/latex/kvsetkeys/kvsetkeys.sty)
(/usr/local/texlive/2025/texmf-dist/tex/generic/kvdefinekeys/kvdefinekeys.sty)
(/usr/local/texlive/2025/texmf-dist/tex/generic/pdfescape/pdfescape.sty
(/usr/local/texlive/2025/texmf-dist/tex/generic/ltxcmds/ltxcmds.sty)
(/usr/local/texlive/2025/texmf-dist/tex/generic/pdftexcmds/pdftexcmds.sty
(/usr/local/texlive/2025/texmf-dist/tex/generic/infwarerr/infwarerr.sty)))
(/usr/local/texlive/2025/texmf-dist/tex/latex/hycolor/hycolor.sty)
(/usr/local/texlive/2025/texmf-dist/tex/latex/hyperref/nameref.sty
(/usr/local/texlive/2025/texmf-dist/tex/latex/refcount/refcount.sty)
(/usr/local/texlive/2025/texmf-dist/tex/generic/gettitlestring/gettitlestring.s
ty (/usr/local/texlive/2025/texmf-dist/tex/latex/kvoptions/kvoptions.sty)))
(/usr/local/texlive/2025/texmf-dist/tex/latex/etoolbox/etoolbox.sty)
(/usr/local/texlive/2025/texmf-dist/tex/generic/stringenc/stringenc.sty)
(/usr/local/texlive/2025/texmf-dist/tex/latex/hyperref/pd1enc.def)
(/usr/local/texlive/2025/texmf-dist/tex/generic/intcalc/intcalc.sty)
(/usr/local/texlive/2025/texmf-dist/tex/latex/hyperref/puenc.def)
(/usr/local/texlive/2025/texmf-dist/tex/generic/bitset/bitset.sty
(/usr/local/texlive/2025/texmf-dist/tex/generic/bigintcalc/bigintcalc.sty))
(/usr/local/texlive/2025/texmf-dist/tex/latex/base/atbegshi-ltx.sty))
(/usr/local/texlive/2025/texmf-dist/tex/latex/hyperref/hpdftex.def
(/usr/local/texlive/2025/texmf-dist/tex/latex/base/atveryend-ltx.sty)
(/usr/local/texlive/2025/texmf-dist/tex/latex/rerunfilecheck/rerunfilecheck.sty

(/usr/local/texlive/2025/texmf-dist/tex/generic/uniquecounter/uniquecounter.sty
)))) (/usr/local/texlive/2025/texmf-dist/tex/latex/psnfss/t1ptm.fd)
(/usr/local/texlive/2025/texmf-dist/tex/latex/l3backend/l3backend-pdftex.def)
No file Rd2.aux.
(/usr/local/texlive/2025/texmf-dist/tex/context/base/mkii/supp-pdf.mkii
[Loading MPS to PDF converter (version 2006.09.02).]
) (/usr/local/texlive/2025/texmf-dist/tex/latex/psnfss/t1pcr.fd)
No file Rd2.toc.
(/usr/local/texlive/2025/texmf-dist/tex/latex/amsfonts/umsa.fd)
(/usr/local/texlive/2025/texmf-dist/tex/latex/amsfonts/umsb.fd)
(/usr/local/texlive/2025/texmf-dist/tex/latex/jknapltx/ursfs.fd)
[1{/usr/local/texlive/2025/texmf-var/fonts/map/pdftex/updmap/pdftex.map}{/usr/l
ocal/texlive/2025/texmf-dist/fonts/enc/dvips/base/8r.enc}]
(/usr/local/texlive/2025/texmf-dist/tex/latex/psnfss/ts1ptm.fd)
[2]
Overfull \hbox (5.05736pt too wide) in paragraph at lines 147--150
\T1/ptm/m/n/10 bil-ity to So-cial Class Cat-e-gories Us-ing Net-work Anal-y-sis
. \T1/ptm/m/it/10 So-ci-ol-ogy\T1/ptm/m/n/10 , 51(6), 1257-1276. [][]doi:10.117
7/

[3]
[4]
[5]
[6]
Overfull \hbox (4.997pt too wide) in paragraph at lines 408--410
[]\T1/ptm/m/n/10 A weighted ad-ja-cency ma-trix rep-re-sent-ing mo-bil-ity flow
s or re-la-tion-ships. Should

[7]
[8]
[9]
Overfull \hbox (38.41919pt too wide) in paragraph at lines 602--605
[][][]\T1/pcr/m/n/10 generate_mobility_data[][] []\T1/ptm/m/n/10 for cus-tom sy
n-thetic data, [][][]\T1/pcr/m/n/10 moneca[][] []\T1/ptm/m/n/10 for anal-y-sis,
 [][][]\T1/pcr/m/n/10 plot_moneca_ggraph[][]

[10]
Overfull \hbox (9.78043pt too wide) in paragraph at lines 634--634
 []  \T1/pcr/m/n/9 cat("Dataset:", name, "- Segments:", length(seg$segment.list
[[2]]), "\n")[] 

[11]
[12]
[13]
[14]
Overfull \hbox (114.78088pt too wide) in paragraph at lines 865--865
 []  \T1/pcr/m/n/10 midpoint.arrow = arrow(angle = 20, length = unit(0.33, "cm"
), ends = "last", type =[] 

[15]
Overfull \hbox (17.12749pt too wide) in paragraph at lines 956--960
\T1/ptm/m/n/10 iza-tions. It re-quires the eliter pack-age for some func-tion-a
l-ity. For most users, [][][]\T1/pcr/m/n/10 plot_moneca_ggraph[][]

[16]
[17]
Overfull \hbox (9.83665pt too wide) in paragraph at lines 1057--1059
[]\T1/ptm/m/n/10 A mo-bil-ity ta-ble (square ma-trix) with row and col-umn to-t
als in the last row/column.

[18]
Overfull \hbox (15.18042pt too wide) in paragraph at lines 1137--1137
 []\T1/pcr/m/n/9 plot_moneca_ggraph(seg, node_color = "segment", title = "MONEC
A Clustering")[] 

[19]
[20]
[21]
[22]
Overfull \hbox (4.38043pt too wide) in paragraph at lines 1348--1348
 []  \T1/pcr/m/n/9 plot_ego_ggraph(seg, mobility_data, ego_id = rownames(mobili
ty_data)[1])[] 

[23]
[24]
Overfull \hbox (93.33836pt too wide) in paragraph at lines 1487--1490
\T1/ptm/m/n/10 "auto", "con-cat", "pat-tern", or "cus-tom". De-fault is "auto".
 See [][][]\T1/pcr/m/n/10 segment.membership.enhanced[][]

Overfull \hbox (78.07864pt too wide) in paragraph at lines 1511--1515
[][][]\T1/pcr/m/n/10 moneca[][] []\T1/ptm/m/n/10 for the main anal-y-sis func-t
ion, [][][]\T1/pcr/m/n/10 plot_ego_ggraph[][] []\T1/ptm/m/n/10 for ego net-work
 vi-su-al-iza-tion, [][][]\T1/pcr/m/n/10 plot_stair_ggraph[][]

[25]
[26]
Overfull \hbox (3.45944pt too wide) in paragraph at lines 1618--1620
[]\T1/ptm/m/n/10 If []\T1/pcr/m/n/10 combine_plots = TRUE[]\T1/ptm/m/n/10 , re-
turns a com-bined plot grid ob-ject. If []\T1/pcr/m/n/10 combine_plots = FALSE[
]\T1/ptm/m/n/10 ,

[27] (/usr/local/texlive/2025/texmf-dist/tex/latex/psnfss/ts1pcr.fd)
[28]
[29]
[30]
[31]
[32]
Overfull \hbox (27.07693pt too wide) in paragraph at lines 1993--1995
[]\T1/ptm/m/n/10 Named list pro-vid-ing cus-tom names for spe-cific seg-ments. 
For-mat: list("level.segment"

! LaTeX Error: Unicode character ≤ (U+2264)
               not set up for use with LaTeX.

See the LaTeX manual or LaTeX Companion for explanation.
Type  H <return>  for immediate help.
 ...                                              
                                                  
l.2012 \item{} \strong{Small segments} (≤
                                            max\_concat\_length): Concatenat...


Overfull \hbox (0.70743pt too wide) in paragraph at lines 2019--2021
[]\T1/ptm/m/n/10 Pattern recog-ni-tion iden-ti-fies com-mon suf-fixes (e.g., "W
orker", "Man-ager") and cre-ates group names

[33{/usr/local/texlive/2025/texmf-dist/fonts/enc/dvips/cm-super/cm-super-ts1.en
c}]
Overfull \hbox (9.78043pt too wide) in paragraph at lines 2056--2056
 []                                                \T1/pcr/m/n/9 naming_strateg
y = "concat")[] 

Overfull \hbox (9.78043pt too wide) in paragraph at lines 2061--2061
 []                                                \T1/pcr/m/n/9 naming_strateg
y = "custom",[] 

Overfull \hbox (15.18042pt too wide) in paragraph at lines 2062--2062
 []                                                \T1/pcr/m/n/9 custom_names =
 custom_names)[] 

[34]
Overfull \hbox (114.78088pt too wide) in paragraph at lines 2120--2120
 []  \T1/pcr/m/n/10 midpoint.arrow = arrow(angle = 20, length = unit(0.33, "cm"
), ends = "last", type =[] 

[35]
[36]
[37]
Overfull \hbox (9.83665pt too wide) in paragraph at lines 2318--2320
[]\T1/ptm/m/n/10 A mo-bil-ity ta-ble (square ma-trix) with row and col-umn to-t
als in the last row/column. 

[38]
[39] (./Rd2.aux)

Package rerunfilecheck Warning: File `Rd2.out' has changed.
(rerunfilecheck)                Rerun to get outlines right
(rerunfilecheck)                or use package `bookmark'.

 )
(see the transcript file for additional information)
pdfTeX warning (dest): name{Rfn.summary.moneca} has been referenced but does no
t exist, replaced by a fixed one


pdfTeX warning (dest): name{Rfn.layout.fruchterman.reingold} has been reference
d but does not exist, replaced by a fixed one

</usr/local/texlive/2025/texmf-dist/fonts/type1/public/amsfonts/cm/cmmi10.pfb><
/usr/local/texlive/2025/texmf-dist/fonts/type1/public/amsfonts/cm/cmmi7.pfb></u
sr/local/texlive/2025/texmf-dist/fonts/type1/public/amsfonts/cm/cmr10.pfb></usr
/local/texlive/2025/texmf-dist/fonts/type1/public/amsfonts/cm/cmsy10.pfb></usr/
local/texlive/2025/texmf-dist/fonts/type1/public/cm-super/sfrm1000.pfb></usr/lo
cal/texlive/2025/texmf-dist/fonts/type1/urw/courier/ucrr8a.pfb></usr/local/texl
ive/2025/texmf-dist/fonts/type1/urw/times/utmb8a.pfb></usr/local/texlive/2025/t
exmf-dist/fonts/type1/urw/times/utmr8a.pfb></usr/local/texlive/2025/texmf-dist/
fonts/type1/urw/times/utmr8a.pfb></usr/local/texlive/2025/texmf-dist/fonts/type
1/urw/times/utmri8a.pfb>
Output written on Rd2.pdf (39 pages, 185410 bytes).
Transcript written on Rd2.log.
Error in texi2dvi(file = file, pdf = TRUE, clean = clean, quiet = quiet,  : 
  non è possibile eseguire pdflatex su 'Rd2.tex'
LaTeX errors:
! LaTeX Error: Unicode character ≤ (U+2264)
               not set up for use with LaTeX.

See the LaTeX manual or LaTeX Companion for explanation.
Type  H <return>  for immediate help.
This is pdfTeX, Version 3.141592653-2.6-1.40.27 (TeX Live 2025) (preloaded format=pdflatex)
 restricted \write18 enabled.
entering extended mode
(./Rd2.tex
LaTeX2e <2024-11-01> patch level 2
L3 programming layer <2025-01-18>

(/usr/local/texlive/2025/texmf-dist/tex/latex/base/book.cls
Document Class: book 2024/06/29 v1.4n Standard LaTeX document class
(/usr/local/texlive/2025/texmf-dist/tex/latex/base/bk10.clo))
(/Library/Frameworks/R.framework/Resources/share/texmf/tex/latex/Rd.sty
(/usr/local/texlive/2025/texmf-dist/tex/latex/base/ifthen.sty)
(/usr/local/texlive/2025/texmf-dist/tex/generic/iftex/iftex.sty)
(/usr/local/texlive/2025/texmf-dist/tex/latex/tools/longtable.sty)
(/usr/local/texlive/2025/texmf-dist/tex/latex/tools/bm.sty)
(/usr/local/texlive/2025/texmf-dist/tex/latex/base/alltt.sty)
(/usr/local/texlive/2025/texmf-dist/tex/latex/tools/verbatim.sty)
(/usr/local/texlive/2025/texmf-dist/tex/latex/url/url.sty)
(/usr/local/texlive/2025/texmf-dist/tex/latex/base/textcomp.sty)
(/usr/local/texlive/2025/texmf-dist/tex/latex/amsmath/amsmath.sty
For additional information on amsmath, use the `?' option.
(/usr/local/texlive/2025/texmf-dist/tex/latex/amsmath/amstext.sty
(/usr/local/texlive/2025/texmf-dist/tex/latex/amsmath/amsgen.sty))
(/usr/local/texlive/2025/texmf-dist/tex/latex/amsmath/amsbsy.sty)
(/usr/local/texlive/2025/texmf-dist/tex/latex/amsmath/amsopn.sty))
(/usr/local/texlive/2025/texmf-dist/tex/latex/amsfonts/amsfonts.sty)
(/usr/local/texlive/2025/texmf-dist/tex/latex/amsfonts/amssymb.sty)
(/usr/local/texlive/2025/texmf-dist/tex/latex/jknapltx/mathrsfs.sty)
(/usr/local/texlive/2025/texmf-dist/tex/latex/base/fontenc.sty)
(/usr/local/texlive/2025/texmf-dist/tex/latex/psnfss/times.sty)
(/usr/local/texlive/2025/texmf-dist/tex/latex/graphics/color.sty
(/usr/local/texlive/2025/texmf-dist/tex/latex/graphics-cfg/color.cfg)
(/usr/local/texlive/2025/texmf-dist/tex/latex/graphics-def/pdftex.def)
(/usr/local/texlive/2025/texmf-dist/tex/latex/graphics/mathcolor.ltx))
(/usr/local/texlive/2025/texmf-dist/tex/latex/hyperref/hyperref.sty
(/usr/local/texlive/2025/texmf-dist/tex/latex/graphics/keyval.sty)
(/usr/local/texlive/2025/texmf-dist/tex/latex/kvsetkeys/kvsetkeys.sty)
(/usr/local/texlive/2025/texmf-dist/tex/generic/kvdefinekeys/kvdefinekeys.sty)
(/usr/local/texlive/2025/texmf-dist/tex/generic/pdfescape/pdfescape.sty
(/usr/local/texlive/2025/texmf-dist/tex/generic/ltxcmds/ltxcmds.sty)
(/usr/local/texlive/2025/texmf-dist/tex/generic/pdftexcmds/pdftexcmds.sty
(/usr/local/texlive/2025/texmf-dist/tex/generic/infwarerr/infwarerr.sty)))
(/usr/local/texlive/2025/texmf-dist/tex/latex/hycolor/hycolor.sty)
(/usr/local/texlive/2025/texmf-dist/tex/latex/hyperref/nameref.sty
(/usr/local/texlive/2025/texmf-dist/tex/latex/refcount/refcount.sty)
(/usr/local/texlive/2025/texmf-dist/tex/generic/gettitlestring/gettitlestring.s
ty (/usr/local/texlive/2025/texmf-dist/tex/latex/kvoptions/kvoptions.sty)))
(/usr/local/texlive/2025/texmf-dist/tex/latex/etoolbox/etoolbox.sty)
(/usr/local/texlive/2025/texmf-dist/tex/generic/stringenc/stringenc.sty)
(/usr/local/texlive/2025/texmf-dist/tex/latex/hyperref/pd1enc.def)
(/usr/local/texlive/2025/texmf-dist/tex/generic/intcalc/intcalc.sty)
(/usr/local/texlive/2025/texmf-dist/tex/latex/hyperref/puenc.def)
(/usr/local/texlive/2025/texmf-dist/tex/generic/bitset/bitset.sty
(/usr/local/texlive/2025/texmf-dist/tex/generic/bigintcalc/bigintcalc.sty))
(/usr/local/texlive/2025/texmf-dist/tex/latex/base/atbegshi-ltx.sty))
(/usr/local/texlive/2025/texmf-dist/tex/latex/hyperref/hpdftex.def
(/usr/local/texlive/2025/texmf-dist/tex/latex/base/atveryend-ltx.sty)
(/usr/local/texlive/2025/texmf-dist/tex/latex/rerunfilecheck/rerunfilecheck.sty

(/usr/local/texlive/2025/texmf-dist/tex/generic/uniquecounter/uniquecounter.sty
)))) (/usr/local/texlive/2025/texmf-dist/tex/latex/psnfss/t1ptm.fd)
(/usr/local/texlive/2025/texmf-dist/tex/latex/l3backend/l3backend-pdftex.def)
(./Rd2.aux)
(/usr/local/texlive/2025/texmf-dist/tex/context/base/mkii/supp-pdf.mkii
[Loading MPS to PDF converter (version 2006.09.02).]
) (./Rd2.out) (./Rd2.out)
(/usr/local/texlive/2025/texmf-dist/tex/latex/psnfss/t1pcr.fd) (./Rd2.toc
(/usr/local/texlive/2025/texmf-dist/tex/latex/amsfonts/umsa.fd)
(/usr/local/texlive/2025/texmf-dist/tex/latex/amsfonts/umsb.fd)
(/usr/local/texlive/2025/texmf-dist/tex/latex/jknapltx/ursfs.fd)
[1{/usr/local/texlive/2025/texmf-var/fonts/map/pdftex/updmap/pdftex.map}{/usr/l
ocal/texlive/2025/texmf-dist/fonts/enc/dvips/base/8r.enc}])
(/usr/local/texlive/2025/texmf-dist/tex/latex/psnfss/ts1ptm.fd)
[2]
Overfull \hbox (5.05736pt too wide) in paragraph at lines 147--150
\T1/ptm/m/n/10 bil-ity to So-cial Class Cat-e-gories Us-ing Net-work Anal-y-sis
. \T1/ptm/m/it/10 So-ci-ol-ogy\T1/ptm/m/n/10 , 51(6), 1257-1276. [][]doi:10.117
7/

[3]
[4]
[5]
[6]
[7]
Overfull \hbox (4.997pt too wide) in paragraph at lines 408--410
[]\T1/ptm/m/n/10 A weighted ad-ja-cency ma-trix rep-re-sent-ing mo-bil-ity flow
s or re-la-tion-ships. Should

[8]
[9]
[10]
Overfull \hbox (38.41919pt too wide) in paragraph at lines 602--605
[][][]\T1/pcr/m/n/10 generate_mobility_data[][] []\T1/ptm/m/n/10 for cus-tom sy
n-thetic data, [][][]\T1/pcr/m/n/10 moneca[][] []\T1/ptm/m/n/10 for anal-y-sis,
 [][][]\T1/pcr/m/n/10 plot_moneca_ggraph[][]

[11]
Overfull \hbox (9.78043pt too wide) in paragraph at lines 634--634
 []  \T1/pcr/m/n/9 cat("Dataset:", name, "- Segments:", length(seg$segment.list
[[2]]), "\n")[] 

[12]
[13]
[14]
[15]
Overfull \hbox (114.78088pt too wide) in paragraph at lines 865--865
 []  \T1/pcr/m/n/10 midpoint.arrow = arrow(angle = 20, length = unit(0.33, "cm"
), ends = "last", type =[] 

[16]
Overfull \hbox (17.12749pt too wide) in paragraph at lines 956--960
\T1/ptm/m/n/10 iza-tions. It re-quires the eliter pack-age for some func-tion-a
l-ity. For most users, [][][]\T1/pcr/m/n/10 plot_moneca_ggraph[][]

[17]
[18]
Overfull \hbox (9.83665pt too wide) in paragraph at lines 1057--1059
[]\T1/ptm/m/n/10 A mo-bil-ity ta-ble (square ma-trix) with row and col-umn to-t
als in the last row/column.

[19]
Overfull \hbox (15.18042pt too wide) in paragraph at lines 1137--1137
 []\T1/pcr/m/n/9 plot_moneca_ggraph(seg, node_color = "segment", title = "MONEC
A Clustering")[] 

[20]
[21]
[22]
[23]
Overfull \hbox (4.38043pt too wide) in paragraph at lines 1348--1348
 []  \T1/pcr/m/n/9 plot_ego_ggraph(seg, mobility_data, ego_id = rownames(mobili
ty_data)[1])[] 

[24]
[25]
Overfull \hbox (93.33836pt too wide) in paragraph at lines 1487--1490
\T1/ptm/m/n/10 "auto", "con-cat", "pat-tern", or "cus-tom". De-fault is "auto".
 See [][][]\T1/pcr/m/n/10 segment.membership.enhanced[][]

Overfull \hbox (78.07864pt too wide) in paragraph at lines 1511--1515
[][][]\T1/pcr/m/n/10 moneca[][] []\T1/ptm/m/n/10 for the main anal-y-sis func-t
ion, [][][]\T1/pcr/m/n/10 plot_ego_ggraph[][] []\T1/ptm/m/n/10 for ego net-work
 vi-su-al-iza-tion, [][][]\T1/pcr/m/n/10 plot_stair_ggraph[][]

[26]
[27]
Overfull \hbox (3.45944pt too wide) in paragraph at lines 1618--1620
[]\T1/ptm/m/n/10 If []\T1/pcr/m/n/10 combine_plots = TRUE[]\T1/ptm/m/n/10 , re-
turns a com-bined plot grid ob-ject. If []\T1/pcr/m/n/10 combine_plots = FALSE[
]\T1/ptm/m/n/10 ,

[28] (/usr/local/texlive/2025/texmf-dist/tex/latex/psnfss/ts1pcr.fd)
[29]
[30]
[31]
[32]
[33]
Overfull \hbox (27.07693pt too wide) in paragraph at lines 1993--1995
[]\T1/ptm/m/n/10 Named list pro-vid-ing cus-tom names for spe-cific seg-ments. 
For-mat: list("level.segment"

! LaTeX Error: Unicode character ≤ (U+2264)
               not set up for use with LaTeX.

See the LaTeX manual or LaTeX Companion for explanation.
Type  H <return>  for immediate help.
 ...                                              
                                                  
l.2012 \item{} \strong{Small segments} (≤
                                            max\_concat\_length): Concatenat...


Overfull \hbox (0.70743pt too wide) in paragraph at lines 2019--2021
[]\T1/ptm/m/n/10 Pattern recog-ni-tion iden-ti-fies com-mon suf-fixes (e.g., "W
orker", "Man-ager") and cre-ates group names

[34{/usr/local/texlive/2025/texmf-dist/fonts/enc/dvips/cm-super/cm-super-ts1.en
c}]
Overfull \hbox (9.78043pt too wide) in paragraph at lines 2056--2056
 []                                                \T1/pcr/m/n/9 naming_strateg
y = "concat")[] 

Overfull \hbox (9.78043pt too wide) in paragraph at lines 2061--2061
 []                                                \T1/pcr/m/n/9 naming_strateg
y = "custom",[] 

Overfull \hbox (15.18042pt too wide) in paragraph at lines 2062--2062
 []                                                \T1/pcr/m/n/9 custom_names =
 custom_names)[] 

[35]
Overfull \hbox (114.78088pt too wide) in paragraph at lines 2120--2120
 []  \T1/pcr/m/n/10 midpoint.arrow = arrow(angle = 20, length = unit(0.33, "cm"
), ends = "last", type =[] 

[36]
[37]
[38]
Overfull \hbox (9.83665pt too wide) in paragraph at lines 2318--2320
[]\T1/ptm/m/n/10 A mo-bil-ity ta-ble (square ma-trix) with row and col-umn to-t
als in the last row/column. 

[39]
[40] (./Rd2.aux) )
(see the transcript file for additional information)
pdfTeX warning (dest): name{Rfn.summary.moneca} has been referenced but does no
t exist, replaced by a fixed one


pdfTeX warning (dest): name{Rfn.layout.fruchterman.reingold} has been reference
d but does not exist, replaced by a fixed one

</usr/local/texlive/2025/texmf-dist/fonts/type1/public/amsfonts/cm/cmmi10.pfb><
/usr/local/texlive/2025/texmf-dist/fonts/type1/public/amsfonts/cm/cmmi7.pfb></u
sr/local/texlive/2025/texmf-dist/fonts/type1/public/amsfonts/cm/cmr10.pfb></usr
/local/texlive/2025/texmf-dist/fonts/type1/public/amsfonts/cm/cmsy10.pfb></usr/
local/texlive/2025/texmf-dist/fonts/type1/public/cm-super/sfrm1000.pfb></usr/lo
cal/texlive/2025/texmf-dist/fonts/type1/urw/courier/ucrr8a.pfb></usr/local/texl
ive/2025/texmf-dist/fonts/type1/urw/times/utmb8a.pfb></usr/local/texlive/2025/t
exmf-dist/fonts/type1/urw/times/utmr8a.pfb></usr/local/texlive/2025/texmf-dist/
fonts/type1/urw/times/utmr8a.pfb></usr/local/texlive/2025/texmf-dist/fonts/type
1/urw/times/utmri8a.pfb>
Output written on Rd2.pdf (40 pages, 190141 bytes).
Transcript written on Rd2.log.
Error in texi2dvi(file = file, pdf = TRUE, clean = clean, quiet = quiet,  : 
  non è possibile eseguire pdflatex su 'Rd2.tex'
LaTeX errors:
! LaTeX Error: Unicode character ≤ (U+2264)
               not set up for use with LaTeX.

See the LaTeX manual or LaTeX Companion for explanation.
Type  H <return>  for immediate help.
Errore durante l'esecuzione di tools::texi2pdf()
You may want to clean up by 'rm -Rf /var/folders/v0/l92092zj0f7d0wg2pbjsm9l40000gn/T//Rtmp1fNjx4/Rd2pdf459d4dfb21b9'
